INFO [2025-12-05 17:44:47] $x
INFO [2025-12-05 17:44:47] list(DESeq2 = deseq2_genes, edgeR = edgeR_genes)
INFO [2025-12-05 17:44:47] 
INFO [2025-12-05 17:44:47] $filename
INFO [2025-12-05 17:44:47] [1] "Venn_DESeq2_edgeR.png"
INFO [2025-12-05 17:44:47] 
INFO [2025-12-05 17:44:47] $fill
INFO [2025-12-05 17:44:47] c("blue", "green")
INFO [2025-12-05 17:44:47] 
INFO [2025-12-05 17:44:47] $alpha
INFO [2025-12-05 17:44:47] [1] 0.6
INFO [2025-12-05 17:44:47] 
INFO [2025-12-05 17:44:47] $cex
INFO [2025-12-05 17:44:47] [1] 1.6
INFO [2025-12-05 17:44:47] 
INFO [2025-12-05 17:44:47] $cat.cex
INFO [2025-12-05 17:44:47] [1] 1.4
INFO [2025-12-05 17:44:47] 
INFO [2025-12-05 17:44:47] $lwd
INFO [2025-12-05 17:44:47] [1] 2
INFO [2025-12-05 17:44:47] 
