INFO [2025-12-05 15:51:20] $x
INFO [2025-12-05 15:51:20] list(DESeq2 = deseq2_genes, edgeR = edgeR_genes)
INFO [2025-12-05 15:51:20] 
INFO [2025-12-05 15:51:20] $filename
INFO [2025-12-05 15:51:20] [1] "Venn_DESeq2_edgeR.png"
INFO [2025-12-05 15:51:20] 
INFO [2025-12-05 15:51:20] $fill
INFO [2025-12-05 15:51:20] c("blue", "green")
INFO [2025-12-05 15:51:20] 
INFO [2025-12-05 15:51:20] $alpha
INFO [2025-12-05 15:51:20] [1] 0.6
INFO [2025-12-05 15:51:20] 
INFO [2025-12-05 15:51:20] $cex
INFO [2025-12-05 15:51:20] [1] 1.6
INFO [2025-12-05 15:51:20] 
INFO [2025-12-05 15:51:20] $cat.cex
INFO [2025-12-05 15:51:20] [1] 1.4
INFO [2025-12-05 15:51:20] 
INFO [2025-12-05 15:51:20] $lwd
INFO [2025-12-05 15:51:20] [1] 2
INFO [2025-12-05 15:51:20] 
