INFO [2025-12-05 13:33:44] $x
INFO [2025-12-05 13:33:44] list(DESeq2 = deseq2_genes, edgeR = edgeR_genes)
INFO [2025-12-05 13:33:44] 
INFO [2025-12-05 13:33:44] $filename
INFO [2025-12-05 13:33:44] [1] "Venn_DESeq2_edgeR.png"
INFO [2025-12-05 13:33:44] 
INFO [2025-12-05 13:33:44] $fill
INFO [2025-12-05 13:33:44] c("#56B4E9", "#CC79A7")
INFO [2025-12-05 13:33:44] 
INFO [2025-12-05 13:33:44] $alpha
INFO [2025-12-05 13:33:44] [1] 0.6
INFO [2025-12-05 13:33:44] 
INFO [2025-12-05 13:33:44] $cex
INFO [2025-12-05 13:33:44] [1] 1.6
INFO [2025-12-05 13:33:44] 
INFO [2025-12-05 13:33:44] $cat.cex
INFO [2025-12-05 13:33:44] [1] 1.4
INFO [2025-12-05 13:33:44] 
INFO [2025-12-05 13:33:44] $lwd
INFO [2025-12-05 13:33:44] [1] 2
INFO [2025-12-05 13:33:44] 
