INFO [2025-12-05 17:42:57] $x
INFO [2025-12-05 17:42:57] list(DESeq2 = deseq2_genes, edgeR = edgeR_genes)
INFO [2025-12-05 17:42:57] 
INFO [2025-12-05 17:42:57] $filename
INFO [2025-12-05 17:42:57] [1] "Venn_DESeq2_edgeR.png"
INFO [2025-12-05 17:42:57] 
INFO [2025-12-05 17:42:57] $fill
INFO [2025-12-05 17:42:57] c("blue", "green")
INFO [2025-12-05 17:42:57] 
INFO [2025-12-05 17:42:57] $alpha
INFO [2025-12-05 17:42:57] [1] 0.6
INFO [2025-12-05 17:42:57] 
INFO [2025-12-05 17:42:57] $cex
INFO [2025-12-05 17:42:57] [1] 1.6
INFO [2025-12-05 17:42:57] 
INFO [2025-12-05 17:42:57] $cat.cex
INFO [2025-12-05 17:42:57] [1] 1.4
INFO [2025-12-05 17:42:57] 
INFO [2025-12-05 17:42:57] $lwd
INFO [2025-12-05 17:42:57] [1] 2
INFO [2025-12-05 17:42:57] 
