INFO [2025-12-02 10:03:23] $x
INFO [2025-12-02 10:03:23] gene_sets
INFO [2025-12-02 10:03:23] 
INFO [2025-12-02 10:03:23] $category.names
INFO [2025-12-02 10:03:23] names(gene_sets)
INFO [2025-12-02 10:03:23] 
INFO [2025-12-02 10:03:23] $filename
INFO [2025-12-02 10:03:23] [1] "DGE_Overlap_Venn_Diagram.png"
INFO [2025-12-02 10:03:23] 
INFO [2025-12-02 10:03:23] $output
INFO [2025-12-02 10:03:23] [1] TRUE
INFO [2025-12-02 10:03:23] 
INFO [2025-12-02 10:03:23] $lwd
INFO [2025-12-02 10:03:23] [1] 2
INFO [2025-12-02 10:03:23] 
INFO [2025-12-02 10:03:23] $lty
INFO [2025-12-02 10:03:23] [1] "solid"
INFO [2025-12-02 10:03:23] 
INFO [2025-12-02 10:03:23] $fill
INFO [2025-12-02 10:03:23] c("skyblue", "pink")
INFO [2025-12-02 10:03:23] 
INFO [2025-12-02 10:03:23] $alpha
INFO [2025-12-02 10:03:23] [1] 0.6
INFO [2025-12-02 10:03:23] 
INFO [2025-12-02 10:03:23] $cex
INFO [2025-12-02 10:03:23] [1] 1.5
INFO [2025-12-02 10:03:23] 
INFO [2025-12-02 10:03:23] $cat.cex
INFO [2025-12-02 10:03:23] [1] 1.2
INFO [2025-12-02 10:03:23] 
INFO [2025-12-02 10:03:23] $cat.pos
INFO [2025-12-02 10:03:23] c(-27, 27)
INFO [2025-12-02 10:03:23] 
INFO [2025-12-02 10:03:23] $ext.percent
INFO [2025-12-02 10:03:23] [1] 5
INFO [2025-12-02 10:03:23] 
INFO [2025-12-02 10:03:23] $margin
INFO [2025-12-02 10:03:23] [1] 0.05
INFO [2025-12-02 10:03:23] 
