INFO [2025-12-02 10:02:15] $x
INFO [2025-12-02 10:02:15] gene_sets
INFO [2025-12-02 10:02:15] 
INFO [2025-12-02 10:02:15] $category.names
INFO [2025-12-02 10:02:15] names(gene_sets)
INFO [2025-12-02 10:02:15] 
INFO [2025-12-02 10:02:15] $filename
INFO [2025-12-02 10:02:15] [1] "DGE_Overlap_Venn_Diagram.png"
INFO [2025-12-02 10:02:15] 
INFO [2025-12-02 10:02:15] $output
INFO [2025-12-02 10:02:15] [1] TRUE
INFO [2025-12-02 10:02:15] 
INFO [2025-12-02 10:02:15] $lwd
INFO [2025-12-02 10:02:15] [1] 2
INFO [2025-12-02 10:02:15] 
INFO [2025-12-02 10:02:15] $lty
INFO [2025-12-02 10:02:15] [1] "solid"
INFO [2025-12-02 10:02:15] 
INFO [2025-12-02 10:02:15] $fill
INFO [2025-12-02 10:02:15] c("skyblue", "pink")
INFO [2025-12-02 10:02:15] 
INFO [2025-12-02 10:02:15] $alpha
INFO [2025-12-02 10:02:15] [1] 0.6
INFO [2025-12-02 10:02:15] 
INFO [2025-12-02 10:02:15] $cex
INFO [2025-12-02 10:02:15] [1] 1.5
INFO [2025-12-02 10:02:15] 
INFO [2025-12-02 10:02:15] $cat.cex
INFO [2025-12-02 10:02:15] [1] 1.2
INFO [2025-12-02 10:02:15] 
INFO [2025-12-02 10:02:15] $cat.pos
INFO [2025-12-02 10:02:15] c(-27, 27)
INFO [2025-12-02 10:02:15] 
INFO [2025-12-02 10:02:15] $ext.percent
INFO [2025-12-02 10:02:15] [1] 5
INFO [2025-12-02 10:02:15] 
INFO [2025-12-02 10:02:15] $margin
INFO [2025-12-02 10:02:15] [1] 0.05
INFO [2025-12-02 10:02:15] 
